[debug] [2020-04-19T19:20:33.593Z] ----------------------------------------------------------------------
[debug] [2020-04-19T19:20:33.596Z] Command:       C:\Program Files\nodejs\node.exe C:\Users\Rafael Lastra\AppData\Roaming\npm\node_modules\firebase-tools\lib\bin\firebase.js serve
[debug] [2020-04-19T19:20:33.598Z] CLI Version:   8.1.1
[debug] [2020-04-19T19:20:33.598Z] Platform:      win32
[debug] [2020-04-19T19:20:33.598Z] Node Version:  v13.6.0
[debug] [2020-04-19T19:20:33.600Z] Time:          Sun Apr 19 2020 14:20:33 GMT-0500 (Colombia Standard Time)
[debug] [2020-04-19T19:20:33.600Z] ----------------------------------------------------------------------
[debug] [2020-04-19T19:20:33.600Z] 
[debug] [2020-04-19T19:20:33.609Z] > command requires scopes: ["email","openid","https://www.googleapis.com/auth/cloudplatformprojects.readonly","https://www.googleapis.com/auth/firebase","https://www.googleapis.com/auth/cloud-platform"]
[debug] [2020-04-19T19:20:33.610Z] > authorizing via signed-in user
[debug] [2020-04-19T19:20:33.610Z] [iam] checking project parcial-front-9c3bc for permissions ["firebase.projects.get"]
[debug] [2020-04-19T19:20:33.616Z] >>> HTTP REQUEST POST https://cloudresourcemanager.googleapis.com/v1/projects/parcial-front-9c3bc:testIamPermissions  
 {"permissions":["firebase.projects.get"]}
[debug] [2020-04-19T19:20:34.510Z] <<< HTTP RESPONSE 200 {"content-type":"application/json; charset=UTF-8","vary":"X-Origin, Referer, Origin,Accept-Encoding","date":"Sun, 19 Apr 2020 19:20:35 GMT","server":"ESF","cache-control":"private","x-xss-protection":"0","x-frame-options":"SAMEORIGIN","x-content-type-options":"nosniff","server-timing":"gfet4t7; dur=575","alt-svc":"quic=\":443\"; ma=2592000; v=\"46,43\",h3-Q050=\":443\"; ma=2592000,h3-Q049=\":443\"; ma=2592000,h3-Q048=\":443\"; ma=2592000,h3-Q046=\":443\"; ma=2592000,h3-Q043=\":443\"; ma=2592000,h3-T050=\":443\"; ma=2592000","accept-ranges":"none","transfer-encoding":"chunked"}
[debug] [2020-04-19T19:20:34.512Z] >>> HTTP REQUEST GET https://firebase.googleapis.com/v1beta1/projects/parcial-front-9c3bc  
 
[debug] [2020-04-19T19:20:34.996Z] <<< HTTP RESPONSE 200 {"content-type":"application/json; charset=UTF-8","vary":"X-Origin, Referer, Origin,Accept-Encoding","date":"Sun, 19 Apr 2020 19:20:35 GMT","server":"ESF","cache-control":"private","x-xss-protection":"0","x-frame-options":"SAMEORIGIN","x-content-type-options":"nosniff","alt-svc":"quic=\":443\"; ma=2592000; v=\"46,43\",h3-Q050=\":443\"; ma=2592000,h3-Q049=\":443\"; ma=2592000,h3-Q048=\":443\"; ma=2592000,h3-Q046=\":443\"; ma=2592000,h3-Q043=\":443\"; ma=2592000,h3-T050=\":443\"; ma=2592000","accept-ranges":"none","transfer-encoding":"chunked"}
[info] 
[info] === Serving from 'C:\Users\Rafael Lastra\Desktop\Parcial1-front'...
[info] 
[debug] [2020-04-19T19:20:35.003Z] >>> HTTP REQUEST GET https://firebase.googleapis.com/v1beta1/projects/parcial-front-9c3bc/webApps/-/config  
 
[debug] [2020-04-19T19:20:35.531Z] <<< HTTP RESPONSE 200 {"content-type":"application/json; charset=UTF-8","vary":"X-Origin, Referer, Origin,Accept-Encoding","date":"Sun, 19 Apr 2020 19:20:36 GMT","server":"ESF","cache-control":"private","x-xss-protection":"0","x-frame-options":"SAMEORIGIN","x-content-type-options":"nosniff","alt-svc":"quic=\":443\"; ma=2592000; v=\"46,43\",h3-Q050=\":443\"; ma=2592000,h3-Q049=\":443\"; ma=2592000,h3-Q048=\":443\"; ma=2592000,h3-Q046=\":443\"; ma=2592000,h3-Q043=\":443\"; ma=2592000,h3-T050=\":443\"; ma=2592000","accept-ranges":"none","transfer-encoding":"chunked"}
[info] i  hosting: Serving hosting files from: public
[info] +  hosting: Local server: http://localhost:5000
